2020-03-22 16:56:15,708 [cuckoo.core.scheduler] INFO: Task #2: acquired machine cuckoo1 (label=cuckoo1)
2020-03-22 16:56:15,709 [cuckoo.core.resultserver] DEBUG: Now tracking machine 192.168.56.2 for task #2
2020-03-22 16:56:15,710 [cuckoo.core.plugins] DEBUG: Started auxiliary module: Replay
2020-03-22 16:56:16,398 [cuckoo.auxiliary.sniffer] INFO: Started sniffer with PID 290 (interface=vboxnet0, host=192.168.56.2)
2020-03-22 16:56:16,400 [cuckoo.core.plugins] DEBUG: Started auxiliary module: Sniffer
2020-03-22 16:56:16,510 [cuckoo.machinery.virtualbox] DEBUG: Starting vm cuckoo1
2020-03-22 16:56:17,439 [cuckoo.machinery.virtualbox] DEBUG: Restoring virtual machine cuckoo1 to its current snapshot
2020-03-22 16:56:21,956 [cuckoo.core.guest] INFO: Starting analysis #2 on guest (id=cuckoo1, ip=192.168.56.2)
2020-03-22 16:56:22,963 [cuckoo.core.guest] DEBUG: cuckoo1: not ready yet
2020-03-22 16:56:23,968 [cuckoo.core.guest] DEBUG: cuckoo1: not ready yet
2020-03-22 16:56:24,026 [cuckoo.core.guest] DEBUG: cuckoo1: not ready yet
2020-03-22 16:56:26,032 [cuckoo.core.guest] DEBUG: cuckoo1: not ready yet
2020-03-22 16:56:27,037 [cuckoo.core.guest] DEBUG: cuckoo1: not ready yet
2020-03-22 16:56:28,026 [cuckoo.core.guest] DEBUG: cuckoo1: not ready yet
2020-03-22 16:56:30,034 [cuckoo.core.guest] DEBUG: cuckoo1: not ready yet
2020-03-22 16:56:31,039 [cuckoo.core.guest] DEBUG: cuckoo1: not ready yet
2020-03-22 16:56:32,026 [cuckoo.core.guest] DEBUG: cuckoo1: not ready yet
2020-03-22 16:56:34,033 [cuckoo.core.guest] DEBUG: cuckoo1: not ready yet
2020-03-22 16:56:35,038 [cuckoo.core.guest] DEBUG: cuckoo1: not ready yet
2020-03-22 16:56:36,043 [cuckoo.core.guest] DEBUG: cuckoo1: not ready yet
2020-03-22 16:56:36,058 [cuckoo.core.guest] DEBUG: cuckoo1: not ready yet
2020-03-22 16:56:38,066 [cuckoo.core.guest] DEBUG: cuckoo1: not ready yet
2020-03-22 16:56:39,071 [cuckoo.core.guest] DEBUG: cuckoo1: not ready yet
2020-03-22 16:56:40,058 [cuckoo.core.guest] DEBUG: cuckoo1: not ready yet
2020-03-22 16:56:42,065 [cuckoo.core.guest] DEBUG: cuckoo1: not ready yet
2020-03-22 16:56:43,070 [cuckoo.core.guest] DEBUG: cuckoo1: not ready yet
2020-03-22 16:56:44,058 [cuckoo.core.guest] DEBUG: cuckoo1: not ready yet
2020-03-22 16:56:46,064 [cuckoo.core.guest] DEBUG: cuckoo1: not ready yet
2020-03-22 16:56:47,070 [cuckoo.core.guest] DEBUG: cuckoo1: not ready yet
2020-03-22 16:56:48,058 [cuckoo.core.guest] DEBUG: cuckoo1: not ready yet
2020-03-22 16:56:50,064 [cuckoo.core.guest] DEBUG: cuckoo1: not ready yet
2020-03-22 16:56:51,069 [cuckoo.core.guest] DEBUG: cuckoo1: not ready yet
2020-03-22 16:56:52,058 [cuckoo.core.guest] DEBUG: cuckoo1: not ready yet
2020-03-22 16:56:54,065 [cuckoo.core.guest] DEBUG: cuckoo1: not ready yet
2020-03-22 16:56:55,071 [cuckoo.core.guest] DEBUG: cuckoo1: not ready yet
2020-03-22 16:56:56,058 [cuckoo.core.guest] DEBUG: cuckoo1: not ready yet
2020-03-22 16:56:58,064 [cuckoo.core.guest] DEBUG: cuckoo1: not ready yet
2020-03-22 16:56:59,068 [cuckoo.core.guest] DEBUG: cuckoo1: not ready yet
2020-03-22 16:57:00,073 [cuckoo.core.guest] DEBUG: cuckoo1: not ready yet
2020-03-22 16:57:00,090 [cuckoo.core.guest] DEBUG: cuckoo1: not ready yet
2020-03-22 16:57:02,096 [cuckoo.core.guest] DEBUG: cuckoo1: not ready yet
2020-03-22 16:57:03,101 [cuckoo.core.guest] DEBUG: cuckoo1: not ready yet
2020-03-22 16:57:04,090 [cuckoo.core.guest] DEBUG: cuckoo1: not ready yet
2020-03-22 16:57:06,097 [cuckoo.core.guest] DEBUG: cuckoo1: not ready yet
2020-03-22 16:57:07,102 [cuckoo.core.guest] DEBUG: cuckoo1: not ready yet
2020-03-22 16:57:08,090 [cuckoo.core.guest] DEBUG: cuckoo1: not ready yet
2020-03-22 16:57:10,096 [cuckoo.core.guest] DEBUG: cuckoo1: not ready yet
2020-03-22 16:57:11,102 [cuckoo.core.guest] DEBUG: cuckoo1: not ready yet
2020-03-22 16:57:12,090 [cuckoo.core.guest] DEBUG: cuckoo1: not ready yet
2020-03-22 16:57:14,097 [cuckoo.core.guest] DEBUG: cuckoo1: not ready yet
2020-03-22 16:57:15,102 [cuckoo.core.guest] DEBUG: cuckoo1: not ready yet
2020-03-22 16:57:16,090 [cuckoo.core.guest] DEBUG: cuckoo1: not ready yet
2020-03-22 16:57:18,097 [cuckoo.core.guest] DEBUG: cuckoo1: not ready yet
2020-03-22 16:57:19,103 [cuckoo.core.guest] DEBUG: cuckoo1: not ready yet
2020-03-22 16:57:20,090 [cuckoo.core.guest] DEBUG: cuckoo1: not ready yet
2020-03-22 16:57:22,097 [cuckoo.core.guest] DEBUG: cuckoo1: not ready yet
2020-03-22 16:57:23,103 [cuckoo.core.guest] DEBUG: cuckoo1: not ready yet
2020-03-22 16:57:24,109 [cuckoo.core.guest] DEBUG: cuckoo1: not ready yet
2020-03-22 16:57:24,122 [cuckoo.core.guest] DEBUG: cuckoo1: not ready yet
2020-03-22 16:57:26,128 [cuckoo.core.guest] DEBUG: cuckoo1: not ready yet
2020-03-22 16:57:27,133 [cuckoo.core.guest] DEBUG: cuckoo1: not ready yet
2020-03-22 16:57:28,122 [cuckoo.core.guest] DEBUG: cuckoo1: not ready yet
2020-03-22 16:57:30,128 [cuckoo.core.guest] DEBUG: cuckoo1: not ready yet
2020-03-22 16:57:31,133 [cuckoo.core.guest] DEBUG: cuckoo1: not ready yet
2020-03-22 16:57:32,122 [cuckoo.core.guest] DEBUG: cuckoo1: not ready yet
2020-03-22 16:57:34,128 [cuckoo.core.guest] DEBUG: cuckoo1: not ready yet
2020-03-22 16:57:35,133 [cuckoo.core.guest] DEBUG: cuckoo1: not ready yet
2020-03-22 16:57:36,122 [cuckoo.core.guest] DEBUG: cuckoo1: not ready yet
2020-03-22 16:57:38,129 [cuckoo.core.guest] DEBUG: cuckoo1: not ready yet
2020-03-22 16:57:39,135 [cuckoo.core.guest] DEBUG: cuckoo1: not ready yet
2020-03-22 16:57:40,122 [cuckoo.core.guest] DEBUG: cuckoo1: not ready yet
2020-03-22 16:57:42,129 [cuckoo.core.guest] DEBUG: cuckoo1: not ready yet
2020-03-22 16:57:43,134 [cuckoo.core.guest] DEBUG: cuckoo1: not ready yet
2020-03-22 16:57:44,123 [cuckoo.core.guest] DEBUG: cuckoo1: not ready yet
2020-03-22 16:57:46,129 [cuckoo.core.guest] DEBUG: cuckoo1: not ready yet
2020-03-22 16:57:47,135 [cuckoo.core.guest] DEBUG: cuckoo1: not ready yet
2020-03-22 16:57:48,140 [cuckoo.core.guest] DEBUG: cuckoo1: not ready yet
2020-03-22 16:57:48,154 [cuckoo.core.guest] DEBUG: cuckoo1: not ready yet
2020-03-22 16:57:50,160 [cuckoo.core.guest] DEBUG: cuckoo1: not ready yet
2020-03-22 16:57:51,167 [cuckoo.core.guest] DEBUG: cuckoo1: not ready yet
2020-03-22 16:57:52,154 [cuckoo.core.guest] DEBUG: cuckoo1: not ready yet
2020-03-22 16:57:54,162 [cuckoo.core.guest] DEBUG: cuckoo1: not ready yet
2020-03-22 16:57:55,167 [cuckoo.core.guest] DEBUG: cuckoo1: not ready yet
2020-03-22 16:57:56,154 [cuckoo.core.guest] DEBUG: cuckoo1: not ready yet
2020-03-22 16:57:58,160 [cuckoo.core.guest] DEBUG: cuckoo1: not ready yet
2020-03-22 16:57:59,165 [cuckoo.core.guest] DEBUG: cuckoo1: not ready yet
2020-03-22 16:58:00,154 [cuckoo.core.guest] DEBUG: cuckoo1: not ready yet
2020-03-22 16:58:02,253 [cuckoo.core.guest] DEBUG: cuckoo1: not ready yet
2020-03-22 16:58:03,260 [cuckoo.core.guest] DEBUG: cuckoo1: not ready yet
2020-03-22 16:58:04,154 [cuckoo.core.guest] DEBUG: cuckoo1: not ready yet
2020-03-22 16:58:06,160 [cuckoo.core.guest] DEBUG: cuckoo1: not ready yet
2020-03-22 16:58:07,166 [cuckoo.core.guest] DEBUG: cuckoo1: not ready yet
2020-03-22 16:58:08,154 [cuckoo.core.guest] DEBUG: cuckoo1: not ready yet
2020-03-22 16:58:10,161 [cuckoo.core.guest] DEBUG: cuckoo1: not ready yet
2020-03-22 16:58:11,166 [cuckoo.core.guest] DEBUG: cuckoo1: not ready yet
2020-03-22 16:58:12,171 [cuckoo.core.guest] DEBUG: cuckoo1: not ready yet
2020-03-22 16:58:12,186 [cuckoo.core.guest] DEBUG: cuckoo1: not ready yet
2020-03-22 16:58:14,192 [cuckoo.core.guest] DEBUG: cuckoo1: not ready yet
2020-03-22 16:58:15,197 [cuckoo.core.guest] DEBUG: cuckoo1: not ready yet
2020-03-22 16:58:16,186 [cuckoo.core.guest] DEBUG: cuckoo1: not ready yet
2020-03-22 16:58:18,193 [cuckoo.core.guest] DEBUG: cuckoo1: not ready yet
2020-03-22 16:58:19,199 [cuckoo.core.guest] DEBUG: cuckoo1: not ready yet
2020-03-22 16:58:20,186 [cuckoo.core.guest] DEBUG: cuckoo1: not ready yet
2020-03-22 16:58:22,192 [cuckoo.core.guest] DEBUG: cuckoo1: not ready yet
2020-03-22 16:58:23,197 [cuckoo.core.guest] DEBUG: cuckoo1: not ready yet
2020-03-22 16:58:24,186 [cuckoo.core.guest] DEBUG: cuckoo1: not ready yet
2020-03-22 16:58:26,191 [cuckoo.core.guest] DEBUG: cuckoo1: not ready yet
2020-03-22 16:58:27,196 [cuckoo.core.guest] DEBUG: cuckoo1: not ready yet
2020-03-22 16:58:28,186 [cuckoo.core.guest] DEBUG: cuckoo1: not ready yet
2020-03-22 16:58:30,192 [cuckoo.core.guest] DEBUG: cuckoo1: not ready yet
2020-03-22 16:58:31,197 [cuckoo.core.guest] DEBUG: cuckoo1: not ready yet
2020-03-22 16:58:32,202 [cuckoo.core.guest] DEBUG: cuckoo1: not ready yet
2020-03-22 16:58:32,218 [cuckoo.core.guest] DEBUG: cuckoo1: not ready yet
2020-03-22 16:58:34,224 [cuckoo.core.guest] DEBUG: cuckoo1: not ready yet
2020-03-22 16:58:35,229 [cuckoo.core.guest] DEBUG: cuckoo1: not ready yet
2020-03-22 16:58:36,218 [cuckoo.core.guest] DEBUG: cuckoo1: not ready yet
2020-03-22 16:58:38,224 [cuckoo.core.guest] DEBUG: cuckoo1: not ready yet
2020-03-22 16:58:39,229 [cuckoo.core.guest] DEBUG: cuckoo1: not ready yet
2020-03-22 16:58:40,218 [cuckoo.core.guest] DEBUG: cuckoo1: not ready yet
2020-03-22 16:58:42,224 [cuckoo.core.guest] DEBUG: cuckoo1: not ready yet
2020-03-22 16:58:43,229 [cuckoo.core.guest] DEBUG: cuckoo1: not ready yet
2020-03-22 16:58:44,218 [cuckoo.core.guest] DEBUG: cuckoo1: not ready yet
2020-03-22 16:58:46,224 [cuckoo.core.guest] DEBUG: cuckoo1: not ready yet
2020-03-22 16:58:47,229 [cuckoo.core.guest] DEBUG: cuckoo1: not ready yet
2020-03-22 16:58:48,218 [cuckoo.core.guest] DEBUG: cuckoo1: not ready yet
2020-03-22 16:58:50,223 [cuckoo.core.guest] DEBUG: cuckoo1: not ready yet
2020-03-22 16:58:51,228 [cuckoo.core.guest] DEBUG: cuckoo1: not ready yet
2020-03-22 16:58:52,218 [cuckoo.core.guest] DEBUG: cuckoo1: not ready yet
2020-03-22 16:58:54,224 [cuckoo.core.guest] DEBUG: cuckoo1: not ready yet
2020-03-22 16:58:55,229 [cuckoo.core.guest] DEBUG: cuckoo1: not ready yet
2020-03-22 16:58:56,234 [cuckoo.core.guest] DEBUG: cuckoo1: not ready yet
2020-03-22 16:58:56,250 [cuckoo.core.guest] DEBUG: cuckoo1: not ready yet
2020-03-22 16:58:58,256 [cuckoo.core.guest] DEBUG: cuckoo1: not ready yet
2020-03-22 16:58:59,262 [cuckoo.core.guest] DEBUG: cuckoo1: not ready yet
2020-03-22 16:59:00,250 [cuckoo.core.guest] DEBUG: cuckoo1: not ready yet
2020-03-22 16:59:02,256 [cuckoo.core.guest] DEBUG: cuckoo1: not ready yet
2020-03-22 16:59:03,261 [cuckoo.core.guest] DEBUG: cuckoo1: not ready yet
2020-03-22 16:59:04,250 [cuckoo.core.guest] DEBUG: cuckoo1: not ready yet
2020-03-22 16:59:06,256 [cuckoo.core.guest] DEBUG: cuckoo1: not ready yet
2020-03-22 16:59:07,262 [cuckoo.core.guest] DEBUG: cuckoo1: not ready yet
2020-03-22 16:59:08,250 [cuckoo.core.guest] DEBUG: cuckoo1: not ready yet
2020-03-22 16:59:10,258 [cuckoo.core.guest] DEBUG: cuckoo1: not ready yet
2020-03-22 16:59:11,264 [cuckoo.core.guest] DEBUG: cuckoo1: not ready yet
2020-03-22 16:59:12,250 [cuckoo.core.guest] DEBUG: cuckoo1: not ready yet
2020-03-22 16:59:14,256 [cuckoo.core.guest] DEBUG: cuckoo1: not ready yet
2020-03-22 16:59:15,260 [cuckoo.core.guest] DEBUG: cuckoo1: not ready yet
2020-03-22 16:59:16,264 [cuckoo.core.guest] DEBUG: cuckoo1: not ready yet
2020-03-22 16:59:16,282 [cuckoo.core.guest] DEBUG: cuckoo1: not ready yet
2020-03-22 16:59:18,288 [cuckoo.core.guest] DEBUG: cuckoo1: not ready yet
2020-03-22 16:59:19,294 [cuckoo.core.guest] DEBUG: cuckoo1: not ready yet
2020-03-22 16:59:20,282 [cuckoo.core.guest] DEBUG: cuckoo1: not ready yet
2020-03-22 16:59:22,287 [cuckoo.core.guest] DEBUG: cuckoo1: not ready yet
2020-03-22 16:59:22,288 [cuckoo.core.scheduler] ERROR: Error from machine 'cuckoo1': it appears that this Virtual Machine hasn't been configured properly as the Cuckoo Host wasn't able to connect to the Guest. There could be a few reasons for this, please refer to our documentation on the matter: https://cuckoo.sh/docs/faq/index.html#troubleshooting-vm-network-configuration
2020-03-22 16:59:22,319 [cuckoo.core.plugins] DEBUG: Stopped auxiliary module: Replay
2020-03-22 16:59:22,359 [cuckoo.core.plugins] DEBUG: Stopped auxiliary module: Sniffer
2020-03-22 16:59:22,359 [cuckoo.machinery.virtualbox] DEBUG: Stopping vm cuckoo1
2020-03-22 16:59:25,822 [cuckoo.core.resultserver] DEBUG: Stopped tracking machine 192.168.56.2 for task #2
2020-03-22 16:59:25,846 [cuckoo.core.scheduler] DEBUG: Released database task #2
2020-03-22 16:59:25,902 [cuckoo.core.plugins] DEBUG: Executed processing module "AnalysisInfo" for task #2
2020-03-22 16:59:26,664 [cuckoo.core.plugins] DEBUG: Executed processing module "ApkInfo" for task #2
2020-03-22 16:59:26,665 [cuckoo.processing.behavior] WARNING: Analysis results folder does not contain any behavior log files.
2020-03-22 16:59:26,665 [cuckoo.core.plugins] DEBUG: Executed processing module "BehaviorAnalysis" for task #2
2020-03-22 16:59:26,666 [cuckoo.core.plugins] DEBUG: Executed processing module "Droidmon" for task #2
2020-03-22 16:59:26,672 [cuckoo.core.plugins] DEBUG: Executed processing module "Dropped" for task #2
2020-03-22 16:59:26,672 [cuckoo.core.plugins] DEBUG: Executed processing module "DroppedBuffer" for task #2
2020-03-22 16:59:26,673 [cuckoo.core.plugins] DEBUG: Executed processing module "MetaInfo" for task #2
2020-03-22 16:59:26,673 [cuckoo.core.plugins] DEBUG: Executed processing module "ProcessMemory" for task #2
2020-03-22 16:59:26,674 [cuckoo.core.plugins] DEBUG: Executed processing module "Procmon" for task #2
2020-03-22 16:59:26,674 [cuckoo.core.plugins] DEBUG: Executed processing module "Screenshots" for task #2
2020-03-22 16:59:27,310 [cuckoo.core.plugins] DEBUG: Executed processing module "Static" for task #2
2020-03-22 16:59:27,321 [cuckoo.core.plugins] DEBUG: Executed processing module "Strings" for task #2
2020-03-22 16:59:27,328 [cuckoo.core.plugins] DEBUG: Executed processing module "TargetInfo" for task #2
2020-03-22 16:59:27,328 [cuckoo.processing.baseline] INFO: Could not find a baseline report for machine 'cuckoo1', skipping it.
2020-03-22 16:59:27,329 [cuckoo.core.plugins] DEBUG: Executed processing module "Baseline" for task #2
2020-03-22 16:59:27,364 [cuckoo.core.plugins] DEBUG: Executed processing module "NetworkAnalysis" for task #2
2020-03-22 16:59:28,329 [cuckoo.core.plugins] DEBUG: Executed processing module "VirusTotal" for task #2
2020-03-22 16:59:28,330 [cuckoo.core.plugins] DEBUG: Executed processing module "Extracted" for task #2
2020-03-22 16:59:28,331 [cuckoo.core.plugins] DEBUG: Executed processing module "TLSMasterSecrets" for task #2
2020-03-22 16:59:28,332 [cuckoo.processing.debug] ERROR: Error processing task #2: it appears that the Virtual Machine hasn't been able to contact back to the Cuckoo Host. There could be a few reasons for this, please refer to our documentation on the matter: https://cuckoo.sh/docs/faq/index.html#troubleshooting-vm-network-configuration
2020-03-22 16:59:28,359 [cuckoo.core.plugins] DEBUG: Executed processing module "Debug" for task #2
2020-03-22 16:59:28,398 [cuckoo.core.plugins] DEBUG: Running 542 signatures
2020-03-22 16:59:28,605 [cuckoo.core.plugins] DEBUG: Analysis matched signature: antivirus_virustotal
2020-03-22 16:59:28,606 [cuckoo.core.plugins] DEBUG: Analysis matched signature: packer_entropy
2020-03-22 16:59:28,615 [cuckoo.core.plugins] DEBUG: Executed reporting module "JsonDump"
2020-03-22 16:59:28,714 [cuckoo.core.plugins] DEBUG: Executed reporting module "SingleFile"
2020-03-22 16:59:28,714 [cuckoo.core.scheduler] INFO: Task #2: reports generation completed
2020-03-22 16:59:28,724 [cuckoo.core.scheduler] INFO: Task #2: analysis procedure completed
